Performing C++ SOURCE FILE Test COMPILER_SUPPORT_Wshorten64to32 failed with the following output:
Change Dir: /home/tingweiou/eigen/build/CMakeFiles/CMakeTmp

Run Build Command(s):/usr/bin/make cmTC_e4519/fast && /usr/bin/make -f CMakeFiles/cmTC_e4519.dir/build.make CMakeFiles/cmTC_e4519.dir/build
make[1]: Entering directory '/home/tingweiou/eigen/build/CMakeFiles/CMakeTmp'
Building CXX object CMakeFiles/cmTC_e4519.dir/src.cxx.o
/usr/bin/c++    -pedantic -Wall -Wextra -Wundef -Wcast-align -Wchar-subscripts -Wnon-virtual-dtor -Wunused-local-typedefs -Wpointer-arith -Wwrite-strings -Wformat-security -DCOMPILER_SUPPORT_Wshorten64to32 -Werror   -Wshorten-64-to-32 -std=c++14 -o CMakeFiles/cmTC_e4519.dir/src.cxx.o -c /home/tingweiou/eigen/build/CMakeFiles/CMakeTmp/src.cxx
c++: error: unrecognized command line option '-Wshorten-64-to-32'
make[1]: *** [CMakeFiles/cmTC_e4519.dir/build.make:66: CMakeFiles/cmTC_e4519.dir/src.cxx.o] Error 1
make[1]: Leaving directory '/home/tingweiou/eigen/build/CMakeFiles/CMakeTmp'
make: *** [Makefile:121: cmTC_e4519/fast] Error 2


Source file was:
int main() { return 0; }
Performing C++ SOURCE FILE Test COMPILER_SUPPORT_Wenumconversion failed with the following output:
Change Dir: /home/tingweiou/eigen/build/CMakeFiles/CMakeTmp

Run Build Command(s):/usr/bin/make cmTC_cf094/fast && /usr/bin/make -f CMakeFiles/cmTC_cf094.dir/build.make CMakeFiles/cmTC_cf094.dir/build
make[1]: Entering directory '/home/tingweiou/eigen/build/CMakeFiles/CMakeTmp'
Building CXX object CMakeFiles/cmTC_cf094.dir/src.cxx.o
/usr/bin/c++    -pedantic -Wall -Wextra -Wundef -Wcast-align -Wchar-subscripts -Wnon-virtual-dtor -Wunused-local-typedefs -Wpointer-arith -Wwrite-strings -Wformat-security -Wlogical-op -DCOMPILER_SUPPORT_Wenumconversion -Werror   -Wenum-conversion -std=c++14 -o CMakeFiles/cmTC_cf094.dir/src.cxx.o -c /home/tingweiou/eigen/build/CMakeFiles/CMakeTmp/src.cxx
c++: error: unrecognized command line option '-Wenum-conversion'; did you mean '-Wno-conversion'?
make[1]: *** [CMakeFiles/cmTC_cf094.dir/build.make:66: CMakeFiles/cmTC_cf094.dir/src.cxx.o] Error 1
make[1]: Leaving directory '/home/tingweiou/eigen/build/CMakeFiles/CMakeTmp'
make: *** [Makefile:121: cmTC_cf094/fast] Error 2


Source file was:
int main() { return 0; }
Performing C++ SOURCE FILE Test COMPILER_SUPPORT_Wcpp11extensions failed with the following output:
Change Dir: /home/tingweiou/eigen/build/CMakeFiles/CMakeTmp

Run Build Command(s):/usr/bin/make cmTC_2feac/fast && /usr/bin/make -f CMakeFiles/cmTC_2feac.dir/build.make CMakeFiles/cmTC_2feac.dir/build
make[1]: Entering directory '/home/tingweiou/eigen/build/CMakeFiles/CMakeTmp'
Building CXX object CMakeFiles/cmTC_2feac.dir/src.cxx.o
/usr/bin/c++    -pedantic -Wall -Wextra -Wundef -Wcast-align -Wchar-subscripts -Wnon-virtual-dtor -Wunused-local-typedefs -Wpointer-arith -Wwrite-strings -Wformat-security -Wlogical-op -DCOMPILER_SUPPORT_Wcpp11extensions -Werror   -Wc++11-extensions -std=c++14 -o CMakeFiles/cmTC_2feac.dir/src.cxx.o -c /home/tingweiou/eigen/build/CMakeFiles/CMakeTmp/src.cxx
c++: error: unrecognized command line option '-Wc++11-extensions'; did you mean '-fms-extensions'?
make[1]: *** [CMakeFiles/cmTC_2feac.dir/build.make:66: CMakeFiles/cmTC_2feac.dir/src.cxx.o] Error 1
make[1]: Leaving directory '/home/tingweiou/eigen/build/CMakeFiles/CMakeTmp'
make: *** [Makefile:121: cmTC_2feac/fast] Error 2


Source file was:
int main() { return 0; }
Performing C++ SOURCE FILE Test COMPILER_SUPPORT_wd981 failed with the following output:
Change Dir: /home/tingweiou/eigen/build/CMakeFiles/CMakeTmp

Run Build Command(s):/usr/bin/make cmTC_8ebad/fast && /usr/bin/make -f CMakeFiles/cmTC_8ebad.dir/build.make CMakeFiles/cmTC_8ebad.dir/build
make[1]: Entering directory '/home/tingweiou/eigen/build/CMakeFiles/CMakeTmp'
Building CXX object CMakeFiles/cmTC_8ebad.dir/src.cxx.o
/usr/bin/c++    -pedantic -Wall -Wextra -Wundef -Wcast-align -Wchar-subscripts -Wnon-virtual-dtor -Wunused-local-typedefs -Wpointer-arith -Wwrite-strings -Wformat-security -Wlogical-op -Wdouble-promotion -Wshadow -Wno-psabi -Wno-variadic-macros -Wno-long-long -fno-check-new -fno-common -fstrict-aliasing -DCOMPILER_SUPPORT_wd981 -Werror   -wd981 -std=c++14 -o CMakeFiles/cmTC_8ebad.dir/src.cxx.o -c /home/tingweiou/eigen/build/CMakeFiles/CMakeTmp/src.cxx
c++: error: unrecognized command line option '-wd981'
make[1]: *** [CMakeFiles/cmTC_8ebad.dir/build.make:66: CMakeFiles/cmTC_8ebad.dir/src.cxx.o] Error 1
make[1]: Leaving directory '/home/tingweiou/eigen/build/CMakeFiles/CMakeTmp'
make: *** [Makefile:121: cmTC_8ebad/fast] Error 2


Source file was:
int main() { return 0; }
Performing C++ SOURCE FILE Test COMPILER_SUPPORT_wd2304 failed with the following output:
Change Dir: /home/tingweiou/eigen/build/CMakeFiles/CMakeTmp

Run Build Command(s):/usr/bin/make cmTC_5a50c/fast && /usr/bin/make -f CMakeFiles/cmTC_5a50c.dir/build.make CMakeFiles/cmTC_5a50c.dir/build
make[1]: Entering directory '/home/tingweiou/eigen/build/CMakeFiles/CMakeTmp'
Building CXX object CMakeFiles/cmTC_5a50c.dir/src.cxx.o
/usr/bin/c++    -pedantic -Wall -Wextra -Wundef -Wcast-align -Wchar-subscripts -Wnon-virtual-dtor -Wunused-local-typedefs -Wpointer-arith -Wwrite-strings -Wformat-security -Wlogical-op -Wdouble-promotion -Wshadow -Wno-psabi -Wno-variadic-macros -Wno-long-long -fno-check-new -fno-common -fstrict-aliasing -DCOMPILER_SUPPORT_wd2304 -Werror   -wd2304 -std=c++14 -o CMakeFiles/cmTC_5a50c.dir/src.cxx.o -c /home/tingweiou/eigen/build/CMakeFiles/CMakeTmp/src.cxx
c++: error: unrecognized command line option '-wd2304'
make[1]: *** [CMakeFiles/cmTC_5a50c.dir/build.make:66: CMakeFiles/cmTC_5a50c.dir/src.cxx.o] Error 1
make[1]: Leaving directory '/home/tingweiou/eigen/build/CMakeFiles/CMakeTmp'
make: *** [Makefile:121: cmTC_5a50c/fast] Error 2


Source file was:
int main() { return 0; }
Performing C SOURCE FILE Test CMAKE_HAVE_LIBC_PTHREAD failed with the following output:
Change Dir: /home/tingweiou/eigen/build/CMakeFiles/CMakeTmp

Run Build Command(s):/usr/bin/make cmTC_12aea/fast && /usr/bin/make -f CMakeFiles/cmTC_12aea.dir/build.make CMakeFiles/cmTC_12aea.dir/build
make[1]: 進入目錄「/home/tingweiou/eigen/build/CMakeFiles/CMakeTmp」
Building C object CMakeFiles/cmTC_12aea.dir/src.c.o
/usr/bin/cc   -DCMAKE_HAVE_LIBC_PTHREAD   -o CMakeFiles/cmTC_12aea.dir/src.c.o   -c /home/tingweiou/eigen/build/CMakeFiles/CMakeTmp/src.c
Linking C executable cmTC_12aea
/usr/bin/cmake -E cmake_link_script CMakeFiles/cmTC_12aea.dir/link.txt --verbose=1
/usr/bin/cc  -DCMAKE_HAVE_LIBC_PTHREAD    CMakeFiles/cmTC_12aea.dir/src.c.o  -o cmTC_12aea 
/usr/bin/ld: CMakeFiles/cmTC_12aea.dir/src.c.o: in function `main':
src.c:(.text+0x46): undefined reference to `pthread_create'
/usr/bin/ld: src.c:(.text+0x52): undefined reference to `pthread_detach'
/usr/bin/ld: src.c:(.text+0x63): undefined reference to `pthread_join'
collect2: error: ld returned 1 exit status
make[1]: *** [CMakeFiles/cmTC_12aea.dir/build.make:87：cmTC_12aea] 錯誤 1
make[1]: 離開目錄「/home/tingweiou/eigen/build/CMakeFiles/CMakeTmp」
make: *** [Makefile:121：cmTC_12aea/fast] 錯誤 2


Source file was:
#include <pthread.h>

void* test_func(void* data)
{
  return data;
}

int main(void)
{
  pthread_t thread;
  pthread_create(&thread, NULL, test_func, NULL);
  pthread_detach(thread);
  pthread_join(thread, NULL);
  pthread_atfork(NULL, NULL, NULL);
  pthread_exit(NULL);

  return 0;
}

Determining if the function pthread_create exists in the pthreads failed with the following output:
Change Dir: /home/tingweiou/eigen/build/CMakeFiles/CMakeTmp

Run Build Command(s):/usr/bin/make cmTC_86e10/fast && /usr/bin/make -f CMakeFiles/cmTC_86e10.dir/build.make CMakeFiles/cmTC_86e10.dir/build
make[1]: 進入目錄「/home/tingweiou/eigen/build/CMakeFiles/CMakeTmp」
Building C object CMakeFiles/cmTC_86e10.dir/CheckFunctionExists.c.o
/usr/bin/cc   -DCHECK_FUNCTION_EXISTS=pthread_create   -o CMakeFiles/cmTC_86e10.dir/CheckFunctionExists.c.o   -c /usr/share/cmake-3.16/Modules/CheckFunctionExists.c
Linking C executable cmTC_86e10
/usr/bin/cmake -E cmake_link_script CMakeFiles/cmTC_86e10.dir/link.txt --verbose=1
/usr/bin/cc  -DCHECK_FUNCTION_EXISTS=pthread_create    CMakeFiles/cmTC_86e10.dir/CheckFunctionExists.c.o  -o cmTC_86e10  -lpthreads 
/usr/bin/ld: 找不到 -lpthreads
collect2: error: ld returned 1 exit status
make[1]: *** [CMakeFiles/cmTC_86e10.dir/build.make:87：cmTC_86e10] 錯誤 1
make[1]: 離開目錄「/home/tingweiou/eigen/build/CMakeFiles/CMakeTmp」
make: *** [Makefile:121：cmTC_86e10/fast] 錯誤 2



Determining if the Fortran sgemm exists failed with the following output:
Change Dir: /home/tingweiou/eigen/build/CMakeFiles/CMakeTmp

Run Build Command(s):/usr/bin/make cmTC_03849/fast && /usr/bin/make -f CMakeFiles/cmTC_03849.dir/build.make CMakeFiles/cmTC_03849.dir/build
make[1]: 進入目錄「/home/tingweiou/eigen/build/CMakeFiles/CMakeTmp」
Building Fortran object CMakeFiles/cmTC_03849.dir/testFortranCompiler.f.o
/usr/bin/f95    -c /home/tingweiou/eigen/build/CMakeFiles/CMakeTmp/testFortranCompiler.f -o CMakeFiles/cmTC_03849.dir/testFortranCompiler.f.o
Linking Fortran executable cmTC_03849
/usr/bin/cmake -E cmake_link_script CMakeFiles/cmTC_03849.dir/link.txt --verbose=1
/usr/bin/f95      CMakeFiles/cmTC_03849.dir/testFortranCompiler.f.o  -o cmTC_03849 
/usr/bin/ld: CMakeFiles/cmTC_03849.dir/testFortranCompiler.f.o: in function `MAIN__':
testFortranCompiler.f:(.text+0xa): undefined reference to `sgemm_'
collect2: error: ld returned 1 exit status
make[1]: *** [CMakeFiles/cmTC_03849.dir/build.make:87：cmTC_03849] 錯誤 1
make[1]: 離開目錄「/home/tingweiou/eigen/build/CMakeFiles/CMakeTmp」
make: *** [Makefile:121：cmTC_03849/fast] 錯誤 2



Performing C SOURCE FILE Test SCOTCH_Num_4 failed with the following compile output:
Change Dir: /home/tingweiou/eigen/build/CMakeFiles/CMakeTmp

Run Build Command(s):/usr/bin/make cmTC_f44b6/fast && /usr/bin/make -f CMakeFiles/cmTC_f44b6.dir/build.make CMakeFiles/cmTC_f44b6.dir/build
make[1]: 進入目錄「/home/tingweiou/eigen/build/CMakeFiles/CMakeTmp」
Building C object CMakeFiles/cmTC_f44b6.dir/src.c.o
/usr/bin/cc   -DSCOTCH_Num_4   -o CMakeFiles/cmTC_f44b6.dir/src.c.o   -c /home/tingweiou/eigen/build/CMakeFiles/CMakeTmp/src.c
/home/tingweiou/eigen/build/CMakeFiles/CMakeTmp/src.c:4:10: fatal error: scotch.h: 沒有此一檔案或目錄
    4 | #include <scotch.h>
      |          ^~~~~~~~~~
compilation terminated.
make[1]: *** [CMakeFiles/cmTC_f44b6.dir/build.make:66：CMakeFiles/cmTC_f44b6.dir/src.c.o] 錯誤 1
make[1]: 離開目錄「/home/tingweiou/eigen/build/CMakeFiles/CMakeTmp」
make: *** [Makefile:121：cmTC_f44b6/fast] 錯誤 2


...and run output:

Return value: 1
Source file was:

#include <stdio.h>
#include <stdint.h>
#include <scotch.h>
int main(int argc, char **argv) {
  if (sizeof(SCOTCH_Num) == 4)
    return 0;
  else
    return 1;
}

Performing C SOURCE FILE Test SCOTCH_Num_8 failed with the following compile output:
Change Dir: /home/tingweiou/eigen/build/CMakeFiles/CMakeTmp

Run Build Command(s):/usr/bin/make cmTC_8e070/fast && /usr/bin/make -f CMakeFiles/cmTC_8e070.dir/build.make CMakeFiles/cmTC_8e070.dir/build
make[1]: 進入目錄「/home/tingweiou/eigen/build/CMakeFiles/CMakeTmp」
Building C object CMakeFiles/cmTC_8e070.dir/src.c.o
/usr/bin/cc   -DSCOTCH_Num_8   -o CMakeFiles/cmTC_8e070.dir/src.c.o   -c /home/tingweiou/eigen/build/CMakeFiles/CMakeTmp/src.c
/home/tingweiou/eigen/build/CMakeFiles/CMakeTmp/src.c:4:10: fatal error: scotch.h: 沒有此一檔案或目錄
    4 | #include <scotch.h>
      |          ^~~~~~~~~~
compilation terminated.
make[1]: *** [CMakeFiles/cmTC_8e070.dir/build.make:66：CMakeFiles/cmTC_8e070.dir/src.c.o] 錯誤 1
make[1]: 離開目錄「/home/tingweiou/eigen/build/CMakeFiles/CMakeTmp」
make: *** [Makefile:121：cmTC_8e070/fast] 錯誤 2


...and run output:

Return value: 1
Source file was:

#include <stdio.h>
#include <stdint.h>
#include <scotch.h>
int main(int argc, char **argv) {
  if (sizeof(SCOTCH_Num) == 8)
    return 0;
  else
    return 1;
}

